platforms/android/build/outputs/apk/manifest-merger-armv7-debug-report.txt
-- Merging decision tree log ---
manifest
ADDED from AndroidManifest.xml:2:1
	package
		ADDED from AndroidManifest.xml:2:98
	android:versionName
		ADDED from AndroidManifest.xml:2:72
	android:hardwareAccelerated
		ADDED from AndroidManifest.xml:2:11
	android:versionCode
		ADDED from AndroidManifest.xml:2:46
		INJECTED from AndroidManifest.xml:0:0
		INJECTED from AndroidManifest.xml:0:0
	xmlns:android
		ADDED from AndroidManifest.xml:2:134
supports-screens
ADDED from AndroidManifest.xml:3:5
	android:largeScreens
		ADDED from AndroidManifest.xml:3:49
	android:smallScreens
		ADDED from AndroidManifest.xml:3:132
	android:normalScreens
		ADDED from AndroidManifest.xml:3:77
	android:xlargeScreens
		ADDED from AndroidManifest.xml:3:160
	android:resizeable
		ADDED from AndroidManifest.xml:3:106
	android:anyDensity
		ADDED from AndroidManifest.xml:3:23
uses-permission#android.permission.INTERNET
ADDED from AndroidManifest.xml:4:5
	android:name
		ADDED from AndroidManifest.xml:4:22
uses-permission#android.permission.ACCESS_NETWORK_STATE
ADDED from AndroidManifest.xml:5:5
	android:name
		ADDED from AndroidManifest.xml:5:22
uses-permission#android.permission.ACCESS_WIFI_STATE
ADDED from AndroidManifest.xml:6:5
	android:name
		ADDED from AndroidManifest.xml:6:22
application
ADDED from AndroidManifest.xml:7:5
MERGED from android.cordova-plugin-background-app:cleanCca-background-activity-lib:unspecified:debug:8:5
	android:label
		ADDED from AndroidManifest.xml:7:83
	android:supportsRtl
		ADDED from AndroidManifest.xml:7:116
	android:hardwareAccelerated
		ADDED from AndroidManifest.xml:7:18
	android:icon
		ADDED from AndroidManifest.xml:7:53
activity#com.your.company.cleanCca.MainActivity
ADDED from AndroidManifest.xml:8:9
MERGED from android.cordova-plugin-background-app:cleanCca-background-activity-lib:unspecified:debug:9:9
	android:label
		ADDED from AndroidManifest.xml:8:97
	android:launchMode
		ADDED from AndroidManifest.xml:8:135
	android:windowSoftInputMode
		ADDED from AndroidManifest.xml:8:248
	android:exported
		ADDED from android.cordova-plugin-background-app:cleanCca-background-activity-lib:unspecified:debug:12:13
	android:configChanges
		ADDED from AndroidManifest.xml:8:19
	android:allowTaskReparenting
		ADDED from android.cordova-plugin-background-app:cleanCca-background-activity-lib:unspecified:debug:11:13
	android:theme
		ADDED from AndroidManifest.xml:8:194
	android:name
		ADDED from AndroidManifest.xml:8:166
activity#org.chromium.BackgroundLauncherActivity
ADDED from AndroidManifest.xml:10:9
	android:excludeFromRecents
		ADDED from AndroidManifest.xml:10:19
	android:theme
		ADDED from AndroidManifest.xml:10:141
	android:taskAffinity
		ADDED from AndroidManifest.xml:10:108
	android:name
		ADDED from AndroidManifest.xml:10:53
intent-filter#android.intent.action.MAIN+android.intent.category.LAUNCHER
ADDED from AndroidManifest.xml:11:13
	android:label
		ADDED from AndroidManifest.xml:11:28
action#android.intent.action.MAIN
ADDED from AndroidManifest.xml:12:17
	android:name
		ADDED from AndroidManifest.xml:12:25
category#android.intent.category.LAUNCHER
ADDED from AndroidManifest.xml:13:17
	android:name
		ADDED from AndroidManifest.xml:13:27
activity#org.chromium.BackgroundActivity
ADDED from AndroidManifest.xml:16:9
	android:excludeFromRecents
		ADDED from AndroidManifest.xml:16:134
	android:launchMode
		ADDED from AndroidManifest.xml:16:193
	android:exported
		ADDED from AndroidManifest.xml:16:168
	android:configChanges
		ADDED from AndroidManifest.xml:16:56
	android:alwaysRetainTaskState
		ADDED from AndroidManifest.xml:16:19
	android:theme
		ADDED from AndroidManifest.xml:16:313
	android:taskAffinity
		ADDED from AndroidManifest.xml:16:271
	android:name
		ADDED from AndroidManifest.xml:16:224
uses-sdk
ADDED from AndroidManifest.xml:18:5
MERGED from org.xwalk:xwalk_core_library_beta:13.42.319.12:6:5
MERGED from android:CordovaLib:unspecified:debug:25:5
MERGED from android.cordova-plugin-background-app:cleanCca-background-activity-lib:unspecified:debug:6:5
MERGED from android:CordovaLib:unspecified:debug:25:5
	android:targetSdkVersion
		ADDED from AndroidManifest.xml:18:42
	android:minSdkVersion
		ADDED from AndroidManifest.xml:18:15
		INJECTED from AndroidManifest.xml:0:0
		INJECTED from AndroidManifest.xml:0:0
uses-permission#android.permission.WRITE_EXTERNAL_STORAGE
ADDED from AndroidManifest.xml:19:5
	android:name
		ADDED from AndroidManifest.xml:19:22
uses-permission#android.permission.ACCESS_COARSE_LOCATION
ADDED from AndroidManifest.xml:20:5
	android:name
		ADDED from AndroidManifest.xml:20:22
uses-permission#android.permission.ACCESS_FINE_LOCATION
ADDED from AndroidManifest.xml:21:5
	android:name
		ADDED from AndroidManifest.xml:21:22